Electrostatic potential parameters

Grid information (see 1_default_grid.dat in Angstrom)
    Number of grid points:            1090

Quantum electrostatic potential (see 1_default_grid_esp.dat)

Constraints
    Charge constraints
        Total charge of   0.07076825 on the set   2
        Total charge of   0.08502058 on the set   3
        Total charge of  -0.47143525 on the set   4
        Total charge of   0.12599983 on the set   5
        Total charge of  -0.10081795 on the set   6
        Total charge of   0.36323853 on the set   7
        Total charge of  -0.49566945 on the set   8
        Total charge of  -0.04585332 on the set   9
        Total charge of   0.36242528 on the set  10
        Total charge of  -0.52853019 on the set  11
        Total charge of   0.02496369 on the set  12
        Total charge of   0.17300358 on the set  18
    Equality constraints
        Equal charges on atoms
                                 15  16  17
                                 19  20  21
                                 22  23  24

Restraint
    Hyperbolic restraint to a charge of zero
    Hydrogen atoms are not restrained
    resp_a:                           0.0010
    resp_b:                           0.1000

Fit

Electrostatic Potential Charges
   Center  Symbol       ESP      RESP
      1    C      -0.23823356 -0.20076923
      2    N       0.07076825  0.07076825
      3    C       0.08502058  0.08502058
      4    N      -0.47143525 -0.47143525
      5    C       0.12599983  0.12599983
      6    C      -0.10081795 -0.10081795
      7    C       0.36323853  0.36323853
      8    O      -0.49566945 -0.49566945
      9    N      -0.04585332 -0.04585332
     10    C       0.36242528  0.36242528
     11    O      -0.52853019 -0.52853019
     12    N       0.02496369  0.02496369
     13    C       0.03205248  0.00600309
     14    C      -0.04490305 -0.03370782
     15    H       0.12194281  0.11020261
     16    H       0.12194281  0.11020261
     17    H       0.12194281  0.11020261
     18    H       0.17300358  0.17300358
     19    H       0.04256496  0.05006104
     20    H       0.04256496  0.05006104
     21    H       0.04256496  0.05006104
     22    H       0.06481574  0.06152314
     23    H       0.06481574  0.06152314
     24    H       0.06481574  0.06152314
Total Charge:     -0.00000000  0.00000000
